 
    *******************************************
    *          Starting Debug File            *
    ******************************************* 
    
    Interface Constructor IN

    SQLModule DBConnect IN 

    MySQL Database connection successful

    SQLModule DBConnect OUT 

    Interface Constructor OUT

    Interface LoginUser IN

    Interface LoginUser OUT

    Interface login IN

    Empleado--> id: None Nombre: Jon Cedula: 2306 Clave: 2300 Tipo:  None 

   <mysql.connector.connection_cext.CMySQLConnection object at 0x7f7570adb2e0>

    Empleados isEmpleado IN

    query: SELECT * from Empleados 
                 WHERE Nombre = 'Jon' AND Cedula = 2306 AND Clave = '2300' ; 

       id Nombre Cedula Clave              Tipo
0   1    Jon   2306  2300  Administrador DB

    Empleados isEmpleado OUT

    empleado es: Administrador DB 

    Interface login OUT

    MenuAdministrador IN

    MenuAdministrador OUT

    tablaEmpleados IN

    Empleados ListarEmpleados IN

    query: SELECT * from Empleados; 

       ID     Nombre Cedula Clave              Tipo
0   1        Jon   2306  2300  Administrador DB
1   2      Jairo   2307  2300           Gerente
2   3  Alejandra   7584  2303           Gerente
3   4     Julian   2548  2301           Gerente
4   5       Tito   1254  2302           Gerente
5   6     Alicia   6589  2304          Vendedor
6   7     Carlos   2215  2305          Vendedor
7   8        Ana   7845  2306          Vendedor

    Empleados ListarEmpleados OUT

    tablaEmpleados OUT
